<?xml version="1.0" encoding="UTF-8"?>
<!-- Generated by org.testng.reporters.JUnitXMLReporter -->
<testsuite ignored="8" hostname="L_RA_520" failures="0" tests="2" name="Test" time="0.119" errors="0" timestamp="2021-07-26T12:23:35 GMT-07:00">
  <testcase classname="TestNG.Example_grouping" name="Tc1" time="0.016"/>
  <testcase classname="TestNG.Example_grouping1" name="Tc1" time="0.002"/>
  <testcase classname="TestNG.Example_grouping1" name="Tc5" time="0.0">
    <ignored/>
  </testcase> <!-- Tc5 -->
  <testcase classname="TestNG.Example_grouping" name="Tc4" time="0.0">
    <ignored/>
  </testcase> <!-- Tc4 -->
  <testcase classname="TestNG.Example_grouping" name="Tc5" time="0.0">
    <ignored/>
  </testcase> <!-- Tc5 -->
  <testcase classname="TestNG.Example_grouping" name="Tc3" time="0.0">
    <ignored/>
  </testcase> <!-- Tc3 -->
  <testcase classname="TestNG.Example_grouping1" name="Tc2" time="0.0">
    <ignored/>
  </testcase> <!-- Tc2 -->
  <testcase classname="TestNG.Example_grouping1" name="Tc3" time="0.0">
    <ignored/>
  </testcase> <!-- Tc3 -->
  <testcase classname="TestNG.Example_grouping" name="Tc2" time="0.0">
    <ignored/>
  </testcase> <!-- Tc2 -->
  <testcase classname="TestNG.Example_grouping1" name="Tc4" time="0.0">
    <ignored/>
  </testcase> <!-- Tc4 -->
</testsuite> <!-- Test -->
