<?xml version="1.0" encoding="UTF-8"?>
<testng-results ignored="8" total="10" passed="2" failed="0" skipped="0">
  <reporter-output>
    <line>
      <![CDATA[Running Test 1..]]>
    </line>
    <line>
      <![CDATA[Running Test 1..]]>
    </line>
  </reporter-output>
  <suite started-at="2021-07-26T12:23:35 GMT-07:00" name="Suite" finished-at="2021-07-26T12:23:35 GMT-07:00" duration-ms="119">
    <groups>
      <group name="Orders">
        <method signature="Example_grouping.Tc1()[pri:0, instance:TestNG.Example_grouping@4944252c]" name="Tc1" class="TestNG.Example_grouping"/>
        <method signature="Example_grouping1.Tc1()[pri:0, instance:TestNG.Example_grouping1@5f9b2141]" name="Tc1" class="TestNG.Example_grouping1"/>
      </group> <!-- Orders -->
    </groups>
    <test started-at="2021-07-26T12:23:35 GMT-07:00" name="Test" finished-at="2021-07-26T12:23:35 GMT-07:00" duration-ms="119">
      <class name="TestNG.Example_grouping">
        <test-method signature="Tc1()[pri:0, instance:TestNG.Example_grouping@4944252c]" started-at="2021-07-26T12:23:35 GMT-07:00" name="Tc1" finished-at="2021-07-26T12:23:35 GMT-07:00" duration-ms="16" status="PASS">
          <reporter-output>
            <line>
              <![CDATA[Running Test 1..]]>
            </line>
          </reporter-output>
        </test-method> <!-- Tc1 -->
      </class> <!-- TestNG.Example_grouping -->
      <class name="TestNG.Example_grouping1">
        <test-method signature="Tc1()[pri:0, instance:TestNG.Example_grouping1@5f9b2141]" started-at="2021-07-26T12:23:35 GMT-07:00" name="Tc1" finished-at="2021-07-26T12:23:35 GMT-07:00" duration-ms="2" status="PASS">
          <reporter-output>
            <line>
              <![CDATA[Running Test 1..]]>
            </line>
          </reporter-output>
        </test-method> <!-- Tc1 -->
      </class> <!-- TestNG.Example_grouping1 -->
    </test> <!-- Test -->
  </suite> <!-- Suite -->
</testng-results>
